<?xml version="1.0" encoding="UTF-8"?>
<!-- Generated by org.testng.reporters.JUnitXMLReporter -->
<testsuite hostname="SBR-DEVP-35" ignored="0" name="Default test" tests="5" failures="0" timestamp="2020-09-08T13:06:19 IST" time="13.079" errors="0">
  <testcase name="Test01" time="5.463" classname="ApiTests.WheatherGetRequest"/>
  <testcase name="Test02" time="1.758" classname="ApiTests.WheatherGetRequest"/>
  <testcase name="Test03" time="2.439" classname="ApiTests.WheatherGetRequest"/>
  <testcase name="Test04" time="1.41" classname="ApiTests.WheatherGetRequest"/>
  <testcase name="Test05" time="1.864" classname="ApiTests.WheatherGetRequest"/>
</testsuite> <!-- Default test -->
